<?xml version="1.0" encoding="UTF-8"?>
<testng-results ignored="0" total="1" passed="1" failed="0" skipped="0">
  <reporter-output>
  </reporter-output>
  <suite started-at="2025-11-10T22:25:41 IST" name="Suite" finished-at="2025-11-10T22:25:51 IST" duration-ms="9857">
    <groups>
    </groups>
    <test started-at="2025-11-10T22:25:41 IST" name="Test" finished-at="2025-11-10T22:25:51 IST" duration-ms="9857">
      <class name="org.test.project.SeleniumJava">
        <test-method signature="firstTestCase()[pri:0, instance:org.test.project.SeleniumJava@3646a422]" started-at="2025-11-10T22:25:41 IST" name="firstTestCase" finished-at="2025-11-10T22:25:51 IST" duration-ms="9813" status="PASS">
          <reporter-output>
          </reporter-output>
        </test-method> <!-- firstTestCase -->
      </class> <!-- org.test.project.SeleniumJava -->
    </test> <!-- Test -->
  </suite> <!-- Suite -->
</testng-results>
